Arguments: 
  /Users/maxlun/n/bin/node /usr/local/bin/yarn watch

PATH: 
  /usr/local/sbin:/usr/local/opt/php70/bin:/Users/maxlun/gopath//bin:/usr/local/bin:/usr/bin:/bin:/usr/sbin:/sbin:/Library/TeX/texbin:/usr/local/go/bin:/opt/X11/bin:/Users/maxlun/n/bin

Yarn version: 
  1.5.1

Node version: 
  8.6.0

Platform: 
  darwin x64

npm manifest: 
  {
    "name": "codemirror-movie",
    "description": "CodeMirror Movie",
    "version": "1.2.1",
    "main": "./dist/movie.js",
    "scripts": {
      "prepublish": "./node_modules/.bin/gulp"
    },
    "devDependencies": {
      "codemirror": "^4.13.0",
      "gulp": "^3.8.11",
      "gulp-minify-css": "^0.5.1",
      "js-bundler": "git+https://github.com/sergeche/js-bundler.git#v1.0.0"
    }
  }

yarn manifest: 
  No manifest

Lockfile: 
  No lockfile

Trace: 
  Error: Command failed.
  Exit code: 1
  Command: sh
  Arguments: -c gulp watch
  Directory: /Users/maxlun/projects/codemirror-movie
  Output:
  
      at ProcessTermError.MessageError (/usr/local/lib/node_modules/yarn/lib/cli.js:186:110)
      at new ProcessTermError (/usr/local/lib/node_modules/yarn/lib/cli.js:226:113)
      at ChildProcess.<anonymous> (/usr/local/lib/node_modules/yarn/lib/cli.js:30281:17)
      at emitTwo (events.js:125:13)
      at ChildProcess.emit (events.js:213:7)
      at maybeClose (internal/child_process.js:927:16)
      at Process.ChildProcess._handle.onexit (internal/child_process.js:211:5)
